app/build/intermediates/manifest_merge_blame_file/debug/manifest-merger-blame-debug-report.txt
1<?xml version="1.0" encoding="utf-8"?>
2<!--
3 Copyright (C) 2007 The Android Open Source Project
4
5     Licensed under the Apache License, Version 2.0 (the "License");
6     you may not use this file except in compliance with the License.
7     You may obtain a copy of the License at
8
9          http://www.apache.org/licenses/LICENSE-2.0
10
11     Unless required by applicable law or agreed to in writing, software
12     distributed under the License is distributed on an "AS IS" BASIS,
13     WITHOUT WARRANTIES OR CONDITIONS OF ANY KIND, either express or implied.
14     See the License for the specific language governing permissions and
15     limitations under the License.
16-->
17<!--
18 Declare the contents of this Android application.  The namespace
19     attribute brings in the Android platform namespace, and the package
20     supplies a unique name for the application.  When writing your
21     own application, the package name must be changed from "com.example.*"
22     to come from a domain that you own or have control over.
23-->
24<manifest xmlns:android="http://schemas.android.com/apk/res/android"
25    package="com.example.android.notepad" >
26
27    <uses-sdk
28        android:minSdkVersion="14"
28-->src\main\AndroidManifest.xml
29        android:targetSdkVersion="30" />
29-->src\main\AndroidManifest.xml
30
31    <application
31-->src\main\AndroidManifest.xml:26:5-138:19
32        android:debuggable="true"
33        android:icon="@drawable/app_notes"
33-->src\main\AndroidManifest.xml:26:18-52
34        android:label="@string/app_name"
34-->src\main\AndroidManifest.xml:27:9-41
35        android:testOnly="true" >
36        <provider
36-->src\main\AndroidManifest.xml:29:9-33:20
37            android:name="com.example.android.notepad.NotePadProvider"
37-->src\main\AndroidManifest.xml:29:19-49
38            android:authorities="com.google.provider.NotePad"
38-->src\main\AndroidManifest.xml:30:13-62
39            android:exported="false" >
39-->src\main\AndroidManifest.xml:31:13-37
40            <grant-uri-permission android:pathPattern=".*" />
40-->src\main\AndroidManifest.xml:32:13-62
40-->src\main\AndroidManifest.xml:32:35-59
41        </provider>
42
43        <activity
43-->src\main\AndroidManifest.xml:35:9-56:20
44            android:name="com.example.android.notepad.NotesList"
44-->src\main\AndroidManifest.xml:35:19-43
45            android:label="@string/title_notes_list"
45-->src\main\AndroidManifest.xml:35:44-84
46            android:theme="@android:style/Theme.Holo.Wallpaper" >
46-->src\main\AndroidManifest.xml:36:13-64
47
48            <!-- <intent-filter> -->
49            <!-- <action android:name="android.intent.action.MAIN" /> -->
50            <!-- <category android:name="android.intent.category.LAUNCHER" /> -->
51            <!-- </intent-filter> -->
52            <intent-filter android:scheme="http" >
52-->src\main\AndroidManifest.xml:43:13-50:29
52-->src\main\AndroidManifest.xml:43:28-49
53                <action android:name="android.intent.action.VIEW" />
53-->src\main\AndroidManifest.xml:45:17-69
53-->src\main\AndroidManifest.xml:45:25-66
54                <action android:name="android.intent.action.EDIT" />
54-->src\main\AndroidManifest.xml:46:17-69
54-->src\main\AndroidManifest.xml:46:25-66
55                <action android:name="android.intent.action.PICK" />
55-->src\main\AndroidManifest.xml:47:17-69
55-->src\main\AndroidManifest.xml:47:25-66
56
57                <category android:name="android.intent.category.DEFAULT" />
57-->src\main\AndroidManifest.xml:48:17-76
57-->src\main\AndroidManifest.xml:48:27-73
58
59                <data android:mimeType="vnd.android.cursor.dir/vnd.google.note" />
59-->src\main\AndroidManifest.xml:49:17-83
59-->src\main\AndroidManifest.xml:49:23-80
60            </intent-filter>
61            <intent-filter>
61-->src\main\AndroidManifest.xml:51:13-55:29
62                <action android:name="android.intent.action.GET_CONTENT" />
62-->src\main\AndroidManifest.xml:52:17-76
62-->src\main\AndroidManifest.xml:52:25-73
63
64                <category android:name="android.intent.category.DEFAULT" />
64-->src\main\AndroidManifest.xml:48:17-76
64-->src\main\AndroidManifest.xml:48:27-73
65
66                <data android:mimeType="vnd.android.cursor.item/vnd.google.note" />
66-->src\main\AndroidManifest.xml:49:17-83
66-->src\main\AndroidManifest.xml:49:23-80
67            </intent-filter>
68        </activity>
69        <activity
69-->src\main\AndroidManifest.xml:58:9-86:20
70            android:name="com.example.android.notepad.NoteEditor"
70-->src\main\AndroidManifest.xml:58:19-44
71            android:configChanges="keyboardHidden|orientation"
71-->src\main\AndroidManifest.xml:61:13-63
72            android:screenOrientation="sensor"
72-->src\main\AndroidManifest.xml:60:13-47
73            android:theme="@android:style/Theme.Holo.Light" >
73-->src\main\AndroidManifest.xml:59:13-60
74
75            <!--
76                 This filter says that we can view or edit the data of
77                 a single note
78            -->
79            <intent-filter
79-->src\main\AndroidManifest.xml:65:13-73:29
80                android:label="@string/resolve_edit"
80-->src\main\AndroidManifest.xml:65:28-64
81                android:scheme="http" >
81-->src\main\AndroidManifest.xml:66:17-38
82                <action android:name="android.intent.action.VIEW" />
82-->src\main\AndroidManifest.xml:45:17-69
82-->src\main\AndroidManifest.xml:45:25-66
83                <action android:name="android.intent.action.EDIT" />
83-->src\main\AndroidManifest.xml:46:17-69
83-->src\main\AndroidManifest.xml:46:25-66
84                <action android:name="com.android.notepad.action.EDIT_NOTE" />
84-->src\main\AndroidManifest.xml:70:17-79
84-->src\main\AndroidManifest.xml:70:25-76
85
86                <category android:name="android.intent.category.DEFAULT" />
86-->src\main\AndroidManifest.xml:48:17-76
86-->src\main\AndroidManifest.xml:48:27-73
87
88                <data android:mimeType="vnd.android.cursor.item/vnd.google.note" />
88-->src\main\AndroidManifest.xml:49:17-83
88-->src\main\AndroidManifest.xml:49:23-80
89            </intent-filter>
90
91            <!--
92                 This filter says that we can create a new note inside
93                 of a directory of notes.  The INSERT action creates an
94                 empty note; the PASTE action initializes a new note from
95                 the current contents of the clipboard.
96            -->
97            <intent-filter>
97-->src\main\AndroidManifest.xml:79:13-84:29
98                <action android:name="android.intent.action.INSERT" />
98-->src\main\AndroidManifest.xml:80:17-71
98-->src\main\AndroidManifest.xml:80:25-68
99                <action android:name="android.intent.action.PASTE" />
99-->src\main\AndroidManifest.xml:81:17-70
99-->src\main\AndroidManifest.xml:81:25-67
100
101                <category android:name="android.intent.category.DEFAULT" />
101-->src\main\AndroidManifest.xml:48:17-76
101-->src\main\AndroidManifest.xml:48:27-73
102
103                <data android:mimeType="vnd.android.cursor.dir/vnd.google.note" />
103-->src\main\AndroidManifest.xml:49:17-83
103-->src\main\AndroidManifest.xml:49:23-80
104            </intent-filter>
105        </activity>
106        <activity
106-->src\main\AndroidManifest.xml:89:9-92:25
107            android:name="com.example.android.notepad.NoteSearch"
107-->src\main\AndroidManifest.xml:89:19-45
108            android:label="@string/menu_search"
108-->src\main\AndroidManifest.xml:90:10-45
109            android:theme="@android:style/Theme.Holo.Wallpaper" />
109-->src\main\AndroidManifest.xml:91:13-64
110        <activity
110-->src\main\AndroidManifest.xml:95:5-101:16
111            android:name="com.example.android.notepad.Login"
111-->src\main\AndroidManifest.xml:95:15-35
112            android:theme="@android:style/Theme.Holo.Wallpaper" >
112-->src\main\AndroidManifest.xml:96:9-60
113            <intent-filter>
113-->src\main\AndroidManifest.xml:97:9-100:25
114                <action android:name="android.intent.action.MAIN" />
114-->src\main\AndroidManifest.xml:98:13-65
114-->src\main\AndroidManifest.xml:98:21-62
115
116                <category android:name="android.intent.category.LAUNCHER" />
116-->src\main\AndroidManifest.xml:99:13-73
116-->src\main\AndroidManifest.xml:99:23-70
117            </intent-filter>
118        </activity>
119        <activity
119-->src\main\AndroidManifest.xml:103:9-128:20
120            android:name="com.example.android.notepad.TitleEditor"
120-->src\main\AndroidManifest.xml:103:19-45
121            android:icon="@drawable/ic_menu_edit"
121-->src\main\AndroidManifest.xml:105:13-50
122            android:label="@string/title_edit_title"
122-->src\main\AndroidManifest.xml:104:13-53
123            android:theme="@android:style/Theme.Holo.Dialog"
123-->src\main\AndroidManifest.xml:106:13-61
124            android:windowSoftInputMode="stateVisible" >
124-->src\main\AndroidManifest.xml:107:13-55
125
126            <!--
127                 This activity implements an alternative action that can be
128                 performed on notes: editing their title.  It can be used as
129                 a default operation if the user invokes this action, and is
130                 available as an alternative action for any note data.
131            -->
132            <intent-filter android:label="@string/resolve_title" >
132-->src\main\AndroidManifest.xml:112:13-127:29
132-->src\main\AndroidManifest.xml:112:28-65
133
134                <!--
135                     This is the action we perform.  It is a custom action we
136                     define for our application, not a generic VIEW or EDIT
137                     action since we are not a general note viewer/editor.
138                -->
139                <action android:name="com.android.notepad.action.EDIT_TITLE" />
139-->src\main\AndroidManifest.xml:116:17-80
139-->src\main\AndroidManifest.xml:116:25-77
140                <!-- DEFAULT: execute if being directly invoked. -->
141                <category android:name="android.intent.category.DEFAULT" />
141-->src\main\AndroidManifest.xml:48:17-76
141-->src\main\AndroidManifest.xml:48:27-73
142                <!--
143                     ALTERNATIVE: show as an alternative action when the user is
144                     working with this type of data.
145                -->
146                <category android:name="android.intent.category.ALTERNATIVE" />
146-->src\main\AndroidManifest.xml:121:17-80
146-->src\main\AndroidManifest.xml:121:27-77
147                <!--
148                     SELECTED_ALTERNATIVE: show as an alternative action the user
149                     can perform when selecting this type of data.
150                -->
151                <category android:name="android.intent.category.SELECTED_ALTERNATIVE" />
151-->src\main\AndroidManifest.xml:124:17-89
151-->src\main\AndroidManifest.xml:124:27-86
152                <!-- This is the data type we operate on. -->
153                <data android:mimeType="vnd.android.cursor.item/vnd.google.note" />
153-->src\main\AndroidManifest.xml:49:17-83
153-->src\main\AndroidManifest.xml:49:23-80
154            </intent-filter>
155        </activity>
156        <activity
156-->src\main\AndroidManifest.xml:130:9-136:20
157            android:name="com.example.android.notepad.NotesLiveFolder"
157-->src\main\AndroidManifest.xml:130:19-49
158            android:icon="@drawable/live_folder_notes"
158-->src\main\AndroidManifest.xml:131:13-55
159            android:label="@string/live_folder_name" >
159-->src\main\AndroidManifest.xml:130:50-90
160            <intent-filter>
160-->src\main\AndroidManifest.xml:132:13-135:29
161                <action android:name="android.intent.action.CREATE_LIVE_FOLDER" />
161-->src\main\AndroidManifest.xml:133:17-83
161-->src\main\AndroidManifest.xml:133:25-80
162
163                <category android:name="android.intent.category.DEFAULT" />
163-->src\main\AndroidManifest.xml:48:17-76
163-->src\main\AndroidManifest.xml:48:27-73
164            </intent-filter>
165        </activity>
166    </application>
167
168</manifest>